Copyright 1986-2017 Xilinx, Inc. All Rights Reserved.
-------------------------------------------------------------------------------------------------------------------------------------------------------------------------------------------------
| Tool Version     : Vivado v.2017.3 (win64) Build 2018833 Wed Oct  4 19:58:22 MDT 2017
| Date             : Fri Feb  9 16:20:33 2018
| Host             : Gogol-Laptop running 64-bit major release  (build 9200)
| Command          : report_power -file Scaler_Streamer_Top_Block_power_routed.rpt -pb Scaler_Streamer_Top_Block_power_summary_routed.pb -rpx Scaler_Streamer_Top_Block_power_routed.rpx
| Design           : Scaler_Streamer_Top_Block
| Device           : xc7a100tcsg324-1
| Design State     : routed
| Grade            : commercial
| Process          : typical
| Characterization : Production
-------------------------------------------------------------------------------------------------------------------------------------------------------------------------------------------------

Power Report

Table of Contents
-----------------
1. Summary
1.1 On-Chip Components
1.2 Power Supply Summary
1.3 Confidence Level
2. Settings
2.1 Environment
2.2 Clock Constraints
3. Detailed Reports
3.1 By Hierarchy

1. Summary
----------

+--------------------------+--------------+
| Total On-Chip Power (W)  | 0.134        |
| Design Power Budget (W)  | Unspecified* |
| Power Budget Margin (W)  | NA           |
| Dynamic (W)              | 0.036        |
| Device Static (W)        | 0.097        |
| Effective TJA (C/W)      | 4.6          |
| Max Ambient (C)          | 84.4         |
| Junction Temperature (C) | 25.6         |
| Confidence Level         | Medium       |
| Setting File             | ---          |
| Simulation Activity File | ---          |
| Design Nets Matched      | NA           |
+--------------------------+--------------+
* Specify Design Power Budget using, set_operating_conditions -design_power_budget <value in Watts>


1.1 On-Chip Components
----------------------

+--------------------------+-----------+----------+-----------+-----------------+
| On-Chip                  | Power (W) | Used     | Available | Utilization (%) |
+--------------------------+-----------+----------+-----------+-----------------+
| Clocks                   |     0.002 |       11 |       --- |             --- |
| Slice Logic              |    <0.001 |      112 |       --- |             --- |
|   LUT as Logic           |    <0.001 |       29 |     63400 |            0.05 |
|   LUT as Distributed RAM |    <0.001 |        6 |     19000 |            0.03 |
|   Register               |    <0.001 |       46 |    126800 |            0.04 |
|   Others                 |     0.000 |       12 |       --- |             --- |
| Signals                  |    <0.001 |       46 |       --- |             --- |
| I/O                      |     0.033 |       14 |       210 |            6.67 |
| Static Power             |     0.097 |          |           |                 |
| Total                    |     0.134 |          |           |                 |
+--------------------------+-----------+----------+-----------+-----------------+


1.2 Power Supply Summary
------------------------

+-----------+-------------+-----------+-------------+------------+
| Source    | Voltage (V) | Total (A) | Dynamic (A) | Static (A) |
+-----------+-------------+-----------+-------------+------------+
| Vccint    |       1.000 |     0.018 |       0.003 |      0.015 |
| Vccaux    |       1.800 |     0.019 |       0.001 |      0.018 |
| Vcco33    |       3.300 |     0.013 |       0.009 |      0.004 |
| Vcco25    |       2.500 |     0.000 |       0.000 |      0.000 |
| Vcco18    |       1.800 |     0.000 |       0.000 |      0.000 |
| Vcco15    |       1.500 |     0.000 |       0.000 |      0.000 |
| Vcco135   |       1.350 |     0.000 |       0.000 |      0.000 |
| Vcco12    |       1.200 |     0.000 |       0.000 |      0.000 |
| Vccaux_io |       1.800 |     0.000 |       0.000 |      0.000 |
| Vccbram   |       1.000 |     0.000 |       0.000 |      0.000 |
| MGTAVcc   |       1.000 |     0.000 |       0.000 |      0.000 |
| MGTAVtt   |       1.200 |     0.000 |       0.000 |      0.000 |
| Vccadc    |       1.800 |     0.020 |       0.000 |      0.020 |
+-----------+-------------+-----------+-------------+------------+


1.3 Confidence Level
--------------------

+-----------------------------+------------+-------------------------------------------------------+------------------------------------------------------------------------------------------------------------+
| User Input Data             | Confidence | Details                                               | Action                                                                                                     |
+-----------------------------+------------+-------------------------------------------------------+------------------------------------------------------------------------------------------------------------+
| Design implementation state | High       | Design is routed                                      |                                                                                                            |
| Clock nodes activity        | High       | User specified more than 95% of clocks                |                                                                                                            |
| I/O nodes activity          | Medium     | More than 5% of inputs are missing user specification | Provide missing input activity with simulation results or by editing the "By Resource Type -> I/Os" view   |
| Internal nodes activity     | Medium     | User specified less than 25% of internal nodes        | Provide missing internal nodes activity with simulation results or by editing the "By Resource Type" views |
| Device models               | High       | Device models are Production                          |                                                                                                            |
|                             |            |                                                       |                                                                                                            |
| Overall confidence level    | Medium     |                                                       |                                                                                                            |
+-----------------------------+------------+-------------------------------------------------------+------------------------------------------------------------------------------------------------------------+


2. Settings
-----------

2.1 Environment
---------------

+-----------------------+--------------------------+
| Ambient Temp (C)      | 25.0                     |
| ThetaJA (C/W)         | 4.6                      |
| Airflow (LFM)         | 250                      |
| Heat Sink             | medium (Medium Profile)  |
| ThetaSA (C/W)         | 4.6                      |
| Board Selection       | medium (10"x10")         |
| # of Board Layers     | 12to15 (12 to 15 Layers) |
| Board Temperature (C) | 25.0                     |
+-----------------------+--------------------------+


2.2 Clock Constraints
---------------------

+------------------------------------------------------+----------------------------------------------------------+-----------------+
| Clock                                                | Domain                                                   | Constraint (ns) |
+------------------------------------------------------+----------------------------------------------------------+-----------------+
| controller/dataRxFifo/pWrite_counter/pNextToWrite[5] | controller/dataRxFifo/pWrite_counter/pNextToWrite[5]     |            16.7 |
| controller/dataRxFifo/pWrite_counter/pNextToWrite[6] | controller/dataRxFifo/pWrite_counter/pNextToWrite[6]     |            16.7 |
| controller/dataTxFifo/pRead_counter/pNextToRead[5]   | controller/dataTxFifo/pRead_counter/outputData_reg[3][5] |            16.7 |
| controller/dataTxFifo/pRead_counter/pNextToRead[6]   | controller/dataTxFifo/pRead_counter/pNextToRead[6]       |            16.7 |
| controller/state[0]                                  | controller/state[0]                                      |            16.7 |
| controller/state[1]                                  | controller/state[1]                                      |            16.7 |
| controller/state[2]                                  | controller/state[2]                                      |            16.7 |
| ftdi_clk                                             | ftdi_clk                                                 |            16.7 |
+------------------------------------------------------+----------------------------------------------------------+-----------------+


3. Detailed Reports
-------------------

3.1 By Hierarchy
----------------

+---------------------------+-----------+
| Name                      | Power (W) |
+---------------------------+-----------+
| Scaler_Streamer_Top_Block |     0.036 |
|   controller              |     0.003 |
|     dataRxFifo            |     0.001 |
|       pWrite_counter      |    <0.001 |
|     dataTxFifo            |    <0.001 |
|       memory_reg_0_63_3_5 |    <0.001 |
|       memory_reg_0_63_7_7 |    <0.001 |
|       pRead_counter       |    <0.001 |
+---------------------------+-----------+


