Exception at PC 0x00007FF96EBBE132
Attemped to write at address 0x00007FF970D54AA4
Printing stacktrace...

[0]  [0x00007FF96EBBE132]
[1]  [0x00007FF96EBBE132]
[2]  [0x00007FF96EBBE194]
[3]  [0x00007FF96E80D0D7]
[4]  [0x00007FF96E6F2BCA]
[5]  [0x00007FF96E6F2FD1]
[6]  [0x00007FF96EBBEB2F]
[7]  [0x00007FF96EA7C19D]
[8]  [0x00007FF96EA75942]
[9]  [0x00007FF96EA75AB5]
[10] (RtlDeactivateActivationContextUnsafeFast+0x1af) [0x00007FF9B0B7485F]
[11] (LdrShutdownProcess+0x12c) [0x00007FF9B0B9D43C]
[12] (RtlExitUserProcess+0xb4) [0x00007FF9B0B9D2F4]
[13] (FatalExit+0xa) [0x00007FF9AFD1C0DA]
[14] (exit+0x75) [0x00007FF9B069A045]
[15] (initterm_e+0x21d) [0x00007FF9B069A68D]
[16]  [0x00000000004014CD]
[17]  [0x000000000040151B]
[18] (BaseThreadInitThunk+0x14) [0x00007FF9AFD12774]
[19] (RtlUserThreadStart+0x21) [0x00007FF9B0BC0D51]
Done
